<?xml version="1.0" encoding="UTF-8"?>
<!-- Generated by org.testng.reporters.JUnitReportReporter -->
<testsuite hostname="DESKTOP-VRBAL0D" failures="0" tests="1" name="com.synechron.testcases.LoginPageTest" time="9.252" errors="0" timestamp="2024-01-19T14:54:43 IST" skipped="0">
  <testcase classname="com.synechron.testcases.LoginPageTest" name="validateTitleTC" time="9.252"/>
  <system-out/>
</testsuite> <!-- com.synechron.testcases.LoginPageTest -->
