<?xml version="1.0" encoding="UTF-8"?>
<!-- Generated by org.testng.reporters.JUnitReportReporter -->
<testsuite hostname="DESKTOP-VRBAL0D" failures="0" tests="1" name="com.synechron.testcases.DashboardPageTest" time="9.991" errors="0" timestamp="2024-01-19T12:02:56 IST" skipped="0">
  <testcase classname="com.synechron.testcases.DashboardPageTest" name="validateTimeWorkSection" time="9.991"/>
  <system-out/>
</testsuite> <!-- com.synechron.testcases.DashboardPageTest -->
